<?xml version="1.0" encoding="UTF-8"?>
<!-- Generated by org.testng.reporters.JUnitXMLReporter -->
<testsuite ignored="1" hostname="DESKTOP-0UQGQ37" failures="0" tests="1" name="Default test" time="13.86" errors="0" timestamp="2024-08-19T17:37:43 IST">
  <testcase classname="com.qa.api.tests.GET.GETAPICall" name="getUsersApiTest" time="1.155"/>
  <testcase classname="com.qa.api.tests.GET.GETAPICall" name="getUserApiTest" time="0.0">
    <ignored/>
  </testcase> <!-- getUserApiTest -->
</testsuite> <!-- Default test -->
