<?xml version="1.0" encoding="UTF-8"?>
<!-- Generated by org.testng.reporters.JUnitXMLReporter -->
<testsuite ignored="0" hostname="DESKTOP-0UQGQ37" failures="0" tests="4" name="Test" time="10.937" errors="0" timestamp="2024-08-21T12:32:05 IST">
  <testcase classname="com.qa.api.tests.GET.GETAPICall" name="getUserAndValidateHeaderApiTest" time="0.87"/>
  <testcase classname="com.qa.api.tests.GET.GETAPICall" name="getUserApiTest" time="0.139"/>
  <testcase classname="com.qa.api.tests.GET.APIDisposeTest" name="disposeResponseTest" time="0.355"/>
  <testcase classname="com.qa.api.tests.GET.APIResponseHeadersTest" name="getHeadersTest" time="0.307"/>
</testsuite> <!-- Test -->
