<?xml version="1.0" encoding="UTF-8"?>
<testng-results ignored="0" total="2" passed="2" failed="0" skipped="0">
  <reporter-output>
  </reporter-output>
  <suite started-at="2024-08-18T14:31:53 IST" name="Surefire suite" finished-at="2024-08-18T14:31:59 IST" duration-ms="6361">
    <groups>
    </groups>
    <test started-at="2024-08-18T14:31:53 IST" name="Surefire test" finished-at="2024-08-18T14:31:59 IST" duration-ms="6361">
      <class name="com.qa.api.tests.GET.GETAPICall">
        <test-method is-config="true" signature="setup()[pri:0, instance:com.qa.api.tests.GET.GETAPICall@4206a205]" started-at="2024-08-18T14:31:53 IST" name="setup" finished-at="2024-08-18T14:31:59 IST" duration-ms="5790" status="PASS">
          <reporter-output>
          </reporter-output>
        </test-method> <!-- setup -->
        <test-method signature="getSpecificUserApiTest()[pri:0, instance:com.qa.api.tests.GET.GETAPICall@4206a205]" started-at="2024-08-18T14:31:59 IST" name="getSpecificUserApiTest" finished-at="2024-08-18T14:31:59 IST" duration-ms="433" status="PASS">
          <reporter-output>
          </reporter-output>
        </test-method> <!-- getSpecificUserApiTest -->
        <test-method signature="getUsersApiTest()[pri:0, instance:com.qa.api.tests.GET.GETAPICall@4206a205]" started-at="2024-08-18T14:31:59 IST" name="getUsersApiTest" finished-at="2024-08-18T14:31:59 IST" duration-ms="76" status="PASS">
          <reporter-output>
          </reporter-output>
        </test-method> <!-- getUsersApiTest -->
        <test-method is-config="true" signature="tearDown()[pri:0, instance:com.qa.api.tests.GET.GETAPICall@4206a205]" started-at="2024-08-18T14:31:59 IST" name="tearDown" finished-at="2024-08-18T14:31:59 IST" duration-ms="29" status="PASS">
          <reporter-output>
          </reporter-output>
        </test-method> <!-- tearDown -->
      </class> <!-- com.qa.api.tests.GET.GETAPICall -->
    </test> <!-- Surefire test -->
  </suite> <!-- Surefire suite -->
</testng-results>
