<?xml version="1.0" encoding="UTF-8"?>
<testsuite xmlns:xsi="http://www.w3.org/2001/XMLSchema-instance" xsi:noNamespaceSchemaLocation="https://maven.apache.org/surefire/maven-surefire-plugin/xsd/surefire-test-report.xsd" version="3.0.2" name="com.qa.api.tests.GET.GETAPICall" time="6.748" tests="2" errors="0" skipped="0" failures="0">
  <properties>
[...]
</properties>
  <testcase name="getSpecificUserApiTest" classname="com.qa.api.tests.GET.GETAPICall" time="0.445">
    <system-out><![CDATA[https://reqres.in/api/users
response status code: 200
OK
----print api response with plain text----
{"page":1,"per_page":6,"total":12,"total_pages":2,"data":[{"id":1,"email":"george.bluth@reqres.in","first_name":"George","last_name":"Bluth","avatar":"https://reqres.in/img/faces/1-image.jpg"},{"id":2,"email":"janet.weaver@reqres.in","first_name":"Janet","last_name":"Weaver","avatar":"https://reqres.in/img/faces/2-image.jpg"},{"id":3,"email":"emma.wong@reqres.in","first_name":"Emma","last_name":"Wong","avatar":"https://reqres.in/img/faces/3-image.jpg"},{"id":4,"email":"eve.holt@reqres.in","first_name":"Eve","last_name":"Holt","avatar":"https://reqres.in/img/faces/4-image.jpg"},{"id":5,"email":"charles.morris@reqres.in","first_name":"Charles","last_name":"Morris","avatar":"https://reqres.in/img/faces/5-image.jpg"},{"id":6,"email":"tracey.ramos@reqres.in","first_name":"Tracey","last_name":"Ramos","avatar":"https://reqres.in/img/faces/6-image.jpg"}],"support":{"url":"https://reqres.in/#support-heading","text":"To keep ReqRes free, contributions towards server costs are appreciated!"}}
----print api json response----
{
  "page" : 1,
  "per_page" : 6,
  "total" : 12,
  "total_pages" : 2,
  "data" : [ {
    "id" : 1,
    "email" : "george.bluth@reqres.in",
    "first_name" : "George",
    "last_name" : "Bluth",
    "avatar" : "https://reqres.in/img/faces/1-image.jpg"
  }, {
    "id" : 2,
    "email" : "janet.weaver@reqres.in",
    "first_name" : "Janet",
    "last_name" : "Weaver",
    "avatar" : "https://reqres.in/img/faces/2-image.jpg"
  }, {
    "id" : 3,
    "email" : "emma.wong@reqres.in",
    "first_name" : "Emma",
    "last_name" : "Wong",
    "avatar" : "https://reqres.in/img/faces/3-image.jpg"
  }, {
    "id" : 4,
    "email" : "eve.holt@reqres.in",
    "first_name" : "Eve",
    "last_name" : "Holt",
    "avatar" : "https://reqres.in/img/faces/4-image.jpg"
  }, {
    "id" : 5,
    "email" : "charles.morris@reqres.in",
    "first_name" : "Charles",
    "last_name" : "Morris",
    "avatar" : "https://reqres.in/img/faces/5-image.jpg"
  }, {
    "id" : 6,
    "email" : "tracey.ramos@reqres.in",
    "first_name" : "Tracey",
    "last_name" : "Ramos",
    "avatar" : "https://reqres.in/img/faces/6-image.jpg"
  } ],
  "support" : {
    "url" : "https://reqres.in/#support-heading",
    "text" : "To keep ReqRes free, contributions towards server costs are appreciated!"
  }
}
====================================Response JSON SCHEMA Validation has started!!!================================================
Response JSON SCHEMA Validation was successfull!!!!
=====================================Response JSON SCHEMA Validation has been completed!!!==========================================
]]></system-out>
  </testcase>
  <testcase name="getUsersApiTest" classname="com.qa.api.tests.GET.GETAPICall" time="0.104">
    <system-out><![CDATA[response status code: 200
OK
----print api response with plain text----
{"page":1,"per_page":6,"total":12,"total_pages":2,"data":[{"id":1,"email":"george.bluth@reqres.in","first_name":"George","last_name":"Bluth","avatar":"https://reqres.in/img/faces/1-image.jpg"},{"id":2,"email":"janet.weaver@reqres.in","first_name":"Janet","last_name":"Weaver","avatar":"https://reqres.in/img/faces/2-image.jpg"},{"id":3,"email":"emma.wong@reqres.in","first_name":"Emma","last_name":"Wong","avatar":"https://reqres.in/img/faces/3-image.jpg"},{"id":4,"email":"eve.holt@reqres.in","first_name":"Eve","last_name":"Holt","avatar":"https://reqres.in/img/faces/4-image.jpg"},{"id":5,"email":"charles.morris@reqres.in","first_name":"Charles","last_name":"Morris","avatar":"https://reqres.in/img/faces/5-image.jpg"},{"id":6,"email":"tracey.ramos@reqres.in","first_name":"Tracey","last_name":"Ramos","avatar":"https://reqres.in/img/faces/6-image.jpg"}],"support":{"url":"https://reqres.in/#support-heading","text":"To keep ReqRes free, contributions towards server costs are appreciated!"}}
----print api json response----
{
  "page" : 1,
  "per_page" : 6,
  "total" : 12,
  "total_pages" : 2,
  "data" : [ {
    "id" : 1,
    "email" : "george.bluth@reqres.in",
    "first_name" : "George",
    "last_name" : "Bluth",
    "avatar" : "https://reqres.in/img/faces/1-image.jpg"
  }, {
    "id" : 2,
    "email" : "janet.weaver@reqres.in",
    "first_name" : "Janet",
    "last_name" : "Weaver",
    "avatar" : "https://reqres.in/img/faces/2-image.jpg"
  }, {
    "id" : 3,
    "email" : "emma.wong@reqres.in",
    "first_name" : "Emma",
    "last_name" : "Wong",
    "avatar" : "https://reqres.in/img/faces/3-image.jpg"
  }, {
    "id" : 4,
    "email" : "eve.holt@reqres.in",
    "first_name" : "Eve",
    "last_name" : "Holt",
    "avatar" : "https://reqres.in/img/faces/4-image.jpg"
  }, {
    "id" : 5,
    "email" : "charles.morris@reqres.in",
    "first_name" : "Charles",
    "last_name" : "Morris",
    "avatar" : "https://reqres.in/img/faces/5-image.jpg"
  }, {
    "id" : 6,
    "email" : "tracey.ramos@reqres.in",
    "first_name" : "Tracey",
    "last_name" : "Ramos",
    "avatar" : "https://reqres.in/img/faces/6-image.jpg"
  } ],
  "support" : {
    "url" : "https://reqres.in/#support-heading",
    "text" : "To keep ReqRes free, contributions towards server costs are appreciated!"
  }
}
----print api url----
https://reqres.in/api/users
====================================Response JSON SCHEMA Validation has started!!!================================================
Response JSON SCHEMA Validation was successfull!!!!
=====================================Response JSON SCHEMA Validation has been completed!!!==========================================
----print response headers----
{date=Sun, 18 Aug 2024 09:02:00 GMT, content-type=application/json; charset=utf-8, transfer-encoding=chunked, connection=close, report-to={"group":"heroku-nel","max_age":3600,"endpoints":[{"url":"https://nel.heroku.com/reports?ts=1723806732&sid=c4c9725f-1ab0-44d8-820f-430df2718e11&s=i%2F6%2Ff5opbAZURXfdTGimOZxERdVOK8ErLcTKjgzIMuI%3D"}]}, reporting-endpoints=heroku-nel=https://nel.heroku.com/reports?ts=1723806732&sid=c4c9725f-1ab0-44d8-820f-430df2718e11&s=i%2F6%2Ff5opbAZURXfdTGimOZxERdVOK8ErLcTKjgzIMuI%3D, nel={"report_to":"heroku-nel","max_age":3600,"success_fraction":0.005,"failure_fraction":0.05,"response_headers":["Via"]}, x-powered-by=Express, access-control-allow-origin=*, etag=W/"3e4-2RLXvr5wTg9YQ6aH95CkYoFNuO8", via=1.1 vegur, cache-control=max-age=14400, cf-cache-status=HIT, age=805, vary=Accept-Encoding, server=cloudflare, cf-ray=8b50b8f6bdb217b7-MAA, content-encoding=br}
]]></system-out>
  </testcase>
</testsuite>