<?xml version="1.0" encoding="UTF-8"?>
<testng-results ignored="0" total="4" passed="4" failed="0" skipped="0">
  <reporter-output>
  </reporter-output>
  <suite started-at="2024-08-21T12:31:54 IST" name="Suite" finished-at="2024-08-21T12:32:05 IST" duration-ms="10937">
    <groups>
    </groups>
    <test started-at="2024-08-21T12:31:54 IST" name="Test" finished-at="2024-08-21T12:32:05 IST" duration-ms="10937">
      <class name="com.qa.api.tests.GET.APIResponseHeadersTest">
        <test-method is-config="true" signature="setup()[pri:0, instance:com.qa.api.tests.GET.APIResponseHeadersTest@30ee2816]" started-at="2024-08-21T12:32:02 IST" name="setup" finished-at="2024-08-21T12:32:02 IST" duration-ms="716" status="PASS">
          <reporter-output>
          </reporter-output>
        </test-method> <!-- setup -->
        <test-method signature="getHeadersTest()[pri:0, instance:com.qa.api.tests.GET.APIResponseHeadersTest@30ee2816]" started-at="2024-08-21T12:32:05 IST" name="getHeadersTest" finished-at="2024-08-21T12:32:05 IST" duration-ms="307" status="PASS">
          <reporter-output>
          </reporter-output>
        </test-method> <!-- getHeadersTest -->
        <test-method is-config="true" signature="tearDown()[pri:0, instance:com.qa.api.tests.GET.APIResponseHeadersTest@30ee2816]" started-at="2024-08-21T12:32:05 IST" name="tearDown" finished-at="2024-08-21T12:32:05 IST" duration-ms="33" status="PASS">
          <reporter-output>
          </reporter-output>
        </test-method> <!-- tearDown -->
      </class> <!-- com.qa.api.tests.GET.APIResponseHeadersTest -->
      <class name="com.qa.api.tests.GET.GETAPICall">
        <test-method is-config="true" signature="setup()[pri:0, instance:com.qa.api.tests.GET.GETAPICall@21de60b4]" started-at="2024-08-21T12:32:02 IST" name="setup" finished-at="2024-08-21T12:32:03 IST" duration-ms="676" status="PASS">
          <reporter-output>
          </reporter-output>
        </test-method> <!-- setup -->
        <test-method signature="getUserAndValidateHeaderApiTest()[pri:0, instance:com.qa.api.tests.GET.GETAPICall@21de60b4]" started-at="2024-08-21T12:32:03 IST" name="getUserAndValidateHeaderApiTest" finished-at="2024-08-21T12:32:04 IST" duration-ms="870" status="PASS">
          <reporter-output>
          </reporter-output>
        </test-method> <!-- getUserAndValidateHeaderApiTest -->
        <test-method signature="getUserApiTest()[pri:0, instance:com.qa.api.tests.GET.GETAPICall@21de60b4]" started-at="2024-08-21T12:32:04 IST" name="getUserApiTest" finished-at="2024-08-21T12:32:04 IST" duration-ms="139" status="PASS">
          <reporter-output>
          </reporter-output>
        </test-method> <!-- getUserApiTest -->
        <test-method is-config="true" signature="tearDown()[pri:0, instance:com.qa.api.tests.GET.GETAPICall@21de60b4]" started-at="2024-08-21T12:32:05 IST" name="tearDown" finished-at="2024-08-21T12:32:05 IST" duration-ms="38" status="PASS">
          <reporter-output>
          </reporter-output>
        </test-method> <!-- tearDown -->
      </class> <!-- com.qa.api.tests.GET.GETAPICall -->
      <class name="com.qa.api.tests.GET.APIDisposeTest">
        <test-method is-config="true" signature="setup()[pri:0, instance:com.qa.api.tests.GET.APIDisposeTest@c267ef4]" started-at="2024-08-21T12:31:54 IST" name="setup" finished-at="2024-08-21T12:32:02 IST" duration-ms="7681" status="PASS">
          <reporter-output>
          </reporter-output>
        </test-method> <!-- setup -->
        <test-method signature="disposeResponseTest()[pri:0, instance:com.qa.api.tests.GET.APIDisposeTest@c267ef4]" started-at="2024-08-21T12:32:04 IST" name="disposeResponseTest" finished-at="2024-08-21T12:32:05 IST" duration-ms="355" status="PASS">
          <reporter-output>
          </reporter-output>
        </test-method> <!-- disposeResponseTest -->
        <test-method is-config="true" signature="tearDown()[pri:0, instance:com.qa.api.tests.GET.APIDisposeTest@c267ef4]" started-at="2024-08-21T12:32:05 IST" name="tearDown" finished-at="2024-08-21T12:32:05 IST" duration-ms="37" status="PASS">
          <reporter-output>
          </reporter-output>
        </test-method> <!-- tearDown -->
      </class> <!-- com.qa.api.tests.GET.APIDisposeTest -->
    </test> <!-- Test -->
  </suite> <!-- Suite -->
</testng-results>
